<?xml version="1.0" encoding="UTF-8"?>
<testsuite xmlns:xsi="http://www.w3.org/2001/XMLSchema-instance" xsi:noNamespaceSchemaLocation="https://maven.apache.org/surefire/maven-surefire-plugin/xsd/surefire-test-report.xsd" name="com.calc.CalculadoraTest" time="0.001" tests="4" errors="0" skipped="0" failures="0">
  <properties>
    <property name="java.specification.version" value="23"/>
    <property name="sun.jnu.encoding" value="UTF-8"/>
    <property name="java.class.path" value="/home/chuwi.sh/vsc/calculadora/target/test-classes:/home/chuwi.sh/vsc/calculadora/target/classes:/home/chuwi.sh/.m2/repository/junit/junit/4.11/junit-4.11.jar:/home/chuwi.sh/.m2/repository/org/hamcrest/hamcrest-core/1.3/hamcrest-core-1.3.jar:"/>
    <property name="java.vm.vendor" value="Oracle Corporation"/>
    <property name="sun.arch.data.model" value="64"/>
    <property name="java.vendor.url" value="https://java.oracle.com/"/>
    <property name="os.name" value="Linux"/>
    <property name="java.vm.specification.version" value="23"/>
    <property name="sun.java.launcher" value="SUN_STANDARD"/>
    <property name="user.country" value="ES"/>
    <property name="sun.boot.library.path" value="/usr/local/java/jdk-23.0.1/lib"/>
    <property name="sun.java.command" value="/home/chuwi.sh/vsc/calculadora/target/surefire/surefirebooter15890432973815358547.jar /home/chuwi.sh/vsc/calculadora/target/surefire 2025-04-01T16-45-29_166-jvmRun1 surefire14236337062427322825tmp surefire_02214565794994361376tmp"/>
    <property name="jdk.debug" value="release"/>
    <property name="surefire.test.class.path" value="/home/chuwi.sh/vsc/calculadora/target/test-classes:/home/chuwi.sh/vsc/calculadora/target/classes:/home/chuwi.sh/.m2/repository/junit/junit/4.11/junit-4.11.jar:/home/chuwi.sh/.m2/repository/org/hamcrest/hamcrest-core/1.3/hamcrest-core-1.3.jar:"/>
    <property name="sun.cpu.endian" value="little"/>
    <property name="user.home" value="/home/chuwi.sh"/>
    <property name="user.language" value="es"/>
    <property name="java.specification.vendor" value="Oracle Corporation"/>
    <property name="java.version.date" value="2024-10-15"/>
    <property name="java.home" value="/usr/local/java/jdk-23.0.1"/>
    <property name="file.separator" value="/"/>
    <property name="basedir" value="/home/chuwi.sh/vsc/calculadora"/>
    <property name="java.vm.compressedOopsMode" value="Zero based"/>
    <property name="line.separator" value="&#10;"/>
    <property name="java.specification.name" value="Java Platform API Specification"/>
    <property name="java.vm.specification.vendor" value="Oracle Corporation"/>
    <property name="surefire.real.class.path" value="/home/chuwi.sh/vsc/calculadora/target/surefire/surefirebooter15890432973815358547.jar"/>
    <property name="sun.management.compiler" value="HotSpot 64-Bit Tiered Compilers"/>
    <property name="java.runtime.version" value="23.0.1+11-39"/>
    <property name="user.name" value="chuwi.sh"/>
    <property name="stdout.encoding" value="UTF-8"/>
    <property name="path.separator" value=":"/>
    <property name="os.version" value="6.13.9-200.fc41.x86_64"/>
    <property name="java.runtime.name" value="Java(TM) SE Runtime Environment"/>
    <property name="file.encoding" value="UTF-8"/>
    <property name="java.vm.name" value="Java HotSpot(TM) 64-Bit Server VM"/>
    <property name="localRepository" value="/home/chuwi.sh/.m2/repository"/>
    <property name="java.vendor.url.bug" value="https://bugreport.java.com/bugreport/"/>
    <property name="java.io.tmpdir" value="/tmp"/>
    <property name="java.version" value="23.0.1"/>
    <property name="user.dir" value="/home/chuwi.sh/vsc/calculadora"/>
    <property name="os.arch" value="amd64"/>
    <property name="java.vm.specification.name" value="Java Virtual Machine Specification"/>
    <property name="native.encoding" value="UTF-8"/>
    <property name="java.library.path" value="/usr/java/packages/lib:/usr/lib64:/lib64:/lib:/usr/lib"/>
    <property name="java.vm.info" value="mixed mode, sharing"/>
    <property name="stderr.encoding" value="UTF-8"/>
    <property name="java.vendor" value="Oracle Corporation"/>
    <property name="java.vm.version" value="23.0.1+11-39"/>
    <property name="sun.io.unicode.encoding" value="UnicodeLittle"/>
    <property name="java.class.version" value="67.0"/>
  </properties>
  <testcase name="testResta" classname="com.calc.CalculadoraTest" time="0"/>
  <testcase name="testSuma" classname="com.calc.CalculadoraTest" time="0"/>
  <testcase name="testProducto" classname="com.calc.CalculadoraTest" time="0"/>
  <testcase name="testDivision" classname="com.calc.CalculadoraTest" time="0"/>
</testsuite>